<?xml version="1.0" encoding="utf-8"?><testsuites name="pytest tests"><testsuite name="pytest" errors="0" failures="0" skipped="0" tests="7" time="1.539" timestamp="2026-04-06T15:32:50.602119+00:00" hostname="agent-env-5c033324-97b6-4afa-a222-947cb6ade05c"><testcase classname="backend.tests.test_waitlist_api.TestHealthCheck" name="test_api_root" time="0.229" /><testcase classname="backend.tests.test_waitlist_api.TestWaitlistAPI" name="test_create_waitlist_entry_with_email_only" time="0.206" /><testcase classname="backend.tests.test_waitlist_api.TestWaitlistAPI" name="test_create_waitlist_entry_with_name" time="0.138" /><testcase classname="backend.tests.test_waitlist_api.TestWaitlistAPI" name="test_create_newsletter_waitlist_entry" time="0.126" /><testcase classname="backend.tests.test_waitlist_api.TestWaitlistAPI" name="test_duplicate_email_returns_existing" time="0.314" /><testcase classname="backend.tests.test_waitlist_api.TestWaitlistAPI" name="test_get_waitlist_entries" time="0.109" /><testcase classname="backend.tests.test_waitlist_api.TestWaitlistAPI" name="test_create_and_verify_persistence" time="0.220" /></testsuite></testsuites>