<?xml version="1.0" encoding="utf-8"?><testsuites name="pytest tests"><testsuite name="pytest" errors="0" failures="0" skipped="0" tests="26" time="6.728" timestamp="2026-04-09T10:36:58.819896+00:00" hostname="agent-env-5c033324-97b6-4afa-a222-947cb6ade05c"><testcase classname="backend.tests.test_new_features.TestPublicSettings" name="test_public_settings_returns_min_order_fields" time="0.244" /><testcase classname="backend.tests.test_new_features.TestAdminSettings" name="test_admin_settings_requires_auth" time="0.110" /><testcase classname="backend.tests.test_new_features.TestAdminSettings" name="test_admin_settings_returns_full_settings" time="0.448" /><testcase classname="backend.tests.test_new_features.TestAdminSettings" name="test_admin_settings_update" time="0.355" /><testcase classname="backend.tests.test_new_features.TestAdminSettings" name="test_admin_settings_update_shipping_message" time="0.118" /><testcase classname="backend.tests.test_new_features.TestAdminSettings" name="test_admin_settings_update_broadcast_sender" time="0.109" /><testcase classname="backend.tests.test_new_features.TestProductWaitlist" name="test_waitlist_signup_success" time="0.248" /><testcase classname="backend.tests.test_new_features.TestProductWaitlist" name="test_waitlist_duplicate_returns_already_subscribed" time="0.326" /><testcase classname="backend.tests.test_new_features.TestProductWaitlist" name="test_waitlist_invalid_product" time="0.101" /><testcase classname="backend.tests.test_new_features.TestBulkOrderStatus" name="test_bulk_status_requires_auth" time="0.109" /><testcase classname="backend.tests.test_new_features.TestBulkOrderStatus" name="test_bulk_status_invalid_status" time="0.132" /><testcase classname="backend.tests.test_new_features.TestBulkOrderStatus" name="test_bulk_status_valid_statuses" time="0.867" /><testcase classname="backend.tests.test_new_features.TestBulkOrderStatus" name="test_bulk_status_with_real_orders" time="0.321" /><testcase classname="backend.tests.test_new_features.TestBroadcastEmail" name="test_broadcast_requires_auth" time="0.096" /><testcase classname="backend.tests.test_new_features.TestBroadcastEmail" name="test_broadcast_endpoint_structure" time="0.107" /><testcase classname="backend.tests.test_new_features.TestBroadcastEmail" name="test_broadcast_with_selected_recipients" time="0.104" /><testcase classname="backend.tests.test_new_features.TestPaymentRetry" name="test_retry_payment_invalid_order" time="0.096" /><testcase classname="backend.tests.test_new_features.TestPaymentRetry" name="test_retry_payment_endpoint_exists" time="1.160" /><testcase classname="backend.tests.test_new_features.TestProductsFiltering" name="test_public_products_excludes_hidden" time="0.225" /><testcase classname="backend.tests.test_new_features.TestExtendedProductSchema" name="test_admin_products_have_new_fields" time="0.108" /><testcase classname="backend.tests.test_new_features.TestExtendedProductSchema" name="test_product_update_badge_type" time="0.330" /><testcase classname="backend.tests.test_new_features.TestExtendedProductSchema" name="test_product_update_availability_status" time="0.298" /><testcase classname="backend.tests.test_new_features.TestExtendedProductSchema" name="test_product_update_stock_quantity" time="0.327" /><testcase classname="backend.tests.test_new_features.TestAdminEndpoints" name="test_admin_dashboard" time="0.092" /><testcase classname="backend.tests.test_new_features.TestAdminEndpoints" name="test_admin_customers" time="0.100" /><testcase classname="backend.tests.test_new_features.TestAdminEndpoints" name="test_admin_subscribers" time="0.100" /></testsuite></testsuites>