<?xml version="1.0" encoding="utf-8"?><testsuites name="pytest tests"><testsuite name="pytest" errors="0" failures="1" skipped="0" tests="22" time="10.573" timestamp="2026-04-08T21:49:25.667850+00:00" hostname="agent-env-5c033324-97b6-4afa-a222-947cb6ade05c"><testcase classname="backend.tests.test_admin_panel.TestAdminAuth" name="test_admin_login_success" time="0.570" /><testcase classname="backend.tests.test_admin_panel.TestAdminAuth" name="test_admin_login_invalid_credentials" time="0.129" /><testcase classname="backend.tests.test_admin_panel.TestAdminAuth" name="test_admin_login_wrong_password" time="0.337" /><testcase classname="backend.tests.test_admin_panel.TestAdminAuth" name="test_admin_me_with_token" time="0.487" /><testcase classname="backend.tests.test_admin_panel.TestAdminAuth" name="test_admin_me_without_token" time="0.113" /><testcase classname="backend.tests.test_admin_panel.TestAdminAuth" name="test_admin_logout" time="0.185" /><testcase classname="backend.tests.test_admin_panel.TestAdminDashboard" name="test_dashboard_stats" time="0.466" /><testcase classname="backend.tests.test_admin_panel.TestAdminDashboard" name="test_dashboard_unauthorized" time="0.118" /><testcase classname="backend.tests.test_admin_panel.TestAdminProducts" name="test_list_products" time="0.472" /><testcase classname="backend.tests.test_admin_panel.TestAdminProducts" name="test_create_product" time="0.454" /><testcase classname="backend.tests.test_admin_panel.TestAdminProducts" name="test_update_product_price" time="0.907" /><testcase classname="backend.tests.test_admin_panel.TestAdminProducts" name="test_toggle_stock" time="0.815" /><testcase classname="backend.tests.test_admin_panel.TestAdminProducts" name="test_delete_product" time="0.730" /><testcase classname="backend.tests.test_admin_panel.TestAdminOrders" name="test_list_orders" time="0.483" /><testcase classname="backend.tests.test_admin_panel.TestAdminOrders" name="test_filter_orders_by_payment_status" time="0.487" /><testcase classname="backend.tests.test_admin_panel.TestAdminOrders" name="test_filter_orders_by_order_status" time="0.441" /><testcase classname="backend.tests.test_admin_panel.TestAdminOrders" name="test_update_order_status_to_shipped" time="0.557" /><testcase classname="backend.tests.test_admin_panel.TestAdminOrders" name="test_update_order_status_to_delivered" time="0.591" /><testcase classname="backend.tests.test_admin_panel.TestAdminCustomers" name="test_list_customers" time="0.450" /><testcase classname="backend.tests.test_admin_panel.TestPublicProductsAPI" name="test_public_products_grouped_by_category" time="0.118" /><testcase classname="backend.tests.test_admin_panel.TestRazorpayWebhook" name="test_webhook_rejects_unsigned_request" time="0.128" /><testcase classname="backend.tests.test_admin_panel.TestBruteForceProtection" name="test_brute_force_lockout" time="1.407"><failure message="AssertionError: Expected 429 (rate limited), got 401&#10;assert 401 == 429&#10; +  where 401 = &lt;Response [401]&gt;.status_code">backend/tests/test_admin_panel.py:504: in test_brute_force_lockout
    assert response.status_code == 429, f"Expected 429 (rate limited), got {response.status_code}"
E   AssertionError: Expected 429 (rate limited), got 401
E   assert 401 == 429
E    +  where 401 = &lt;Response [401]&gt;.status_code</failure></testcase></testsuite></testsuites>