<?xml version="1.0" encoding="utf-8"?><testsuites name="pytest tests"><testsuite name="pytest" errors="0" failures="0" skipped="0" tests="9" time="5.128" timestamp="2026-04-06T18:42:50.128339+00:00" hostname="agent-env-5c033324-97b6-4afa-a222-947cb6ade05c"><testcase classname="backend.tests.test_orders_api.TestHealthCheck" name="test_api_root" time="0.293" /><testcase classname="backend.tests.test_orders_api.TestOrdersAPI" name="test_create_order_success" time="0.937" /><testcase classname="backend.tests.test_orders_api.TestOrdersAPI" name="test_create_order_multiple_items" time="0.779" /><testcase classname="backend.tests.test_orders_api.TestOrdersAPI" name="test_create_order_without_email" time="0.929" /><testcase classname="backend.tests.test_orders_api.TestOrdersAPI" name="test_create_order_missing_required_fields" time="0.118" /><testcase classname="backend.tests.test_orders_api.TestOrdersAPI" name="test_create_order_missing_name" time="0.104" /><testcase classname="backend.tests.test_orders_api.TestOrdersAPI" name="test_create_order_empty_items" time="0.830" /><testcase classname="backend.tests.test_orders_api.TestWaitlistAPI" name="test_create_waitlist_entry" time="0.949" /><testcase classname="backend.tests.test_orders_api.TestWaitlistAPI" name="test_get_waitlist_entries" time="0.110" /></testsuite></testsuites>