<?xml version="1.0" encoding="utf-8"?><testsuites name="pytest tests"><testsuite name="pytest" errors="0" failures="0" skipped="0" tests="13" time="14.151" timestamp="2026-04-07T12:48:23.476233+00:00" hostname="agent-env-5c033324-97b6-4afa-a222-947cb6ade05c"><testcase classname="backend.tests.test_razorpay_contact_api.TestRazorpayKeyAPI" name="test_get_razorpay_key" time="0.222" /><testcase classname="backend.tests.test_razorpay_contact_api.TestOrdersWithRazorpay" name="test_create_order_returns_razorpay_order_id" time="8.772" /><testcase classname="backend.tests.test_razorpay_contact_api.TestOrdersWithRazorpay" name="test_create_order_with_multiple_items_razorpay" time="2.518" /><testcase classname="backend.tests.test_razorpay_contact_api.TestPaymentVerifyAPI" name="test_payment_verify_endpoint_exists" time="0.102" /><testcase classname="backend.tests.test_razorpay_contact_api.TestPaymentVerifyAPI" name="test_payment_verify_missing_fields" time="0.129" /><testcase classname="backend.tests.test_razorpay_contact_api.TestContactAPI" name="test_contact_form_success" time="0.617" /><testcase classname="backend.tests.test_razorpay_contact_api.TestContactAPI" name="test_contact_form_with_long_message" time="0.594" /><testcase classname="backend.tests.test_razorpay_contact_api.TestContactAPI" name="test_contact_form_missing_name" time="0.103" /><testcase classname="backend.tests.test_razorpay_contact_api.TestContactAPI" name="test_contact_form_missing_email" time="0.105" /><testcase classname="backend.tests.test_razorpay_contact_api.TestContactAPI" name="test_contact_form_missing_phone" time="0.101" /><testcase classname="backend.tests.test_razorpay_contact_api.TestContactAPI" name="test_contact_form_missing_message" time="0.144" /><testcase classname="backend.tests.test_razorpay_contact_api.TestAPIHealthAndRegression" name="test_api_root" time="0.101" /><testcase classname="backend.tests.test_razorpay_contact_api.TestAPIHealthAndRegression" name="test_waitlist_still_works" time="0.544" /></testsuite></testsuites>